<?xml version="1.0" encoding="UTF-8"?>
<testng-results ignored="0" total="1" passed="1" failed="0" skipped="0">
  <reporter-output>
  </reporter-output>
  <suite started-at="2025-01-31T13:11:48 IST" name="Default suite" finished-at="2025-01-31T13:11:48 IST" duration-ms="95">
    <groups>
    </groups>
    <test started-at="2025-01-31T13:11:48 IST" name="Default test" finished-at="2025-01-31T13:11:48 IST" duration-ms="95">
      <class name="secondbuild.NewCodes">
        <test-method signature="runs()[pri:0, instance:secondbuild.NewCodes@6c284af]" started-at="2025-01-31T13:11:48 IST" name="runs" finished-at="2025-01-31T13:11:48 IST" duration-ms="22" status="PASS">
          <reporter-output>
          </reporter-output>
        </test-method> <!-- runs -->
      </class> <!-- secondbuild.NewCodes -->
    </test> <!-- Default test -->
  </suite> <!-- Default suite -->
</testng-results>
