<?xml version="1.0" encoding="UTF-8"?>
<!-- Generated by org.testng.reporters.JUnitXMLReporter -->
<testsuite ignored="2" hostname="DESKTOP-9CA997L" failures="0" tests="1" name="Test" time="17.915" errors="0" timestamp="2025-01-30T13:31:08 IST">
  <testcase classname="contact.practice.CreateContact1Test" name="createContact1Test" time="7.851"/>
  <testcase classname="contact.practice.CreateContact1Test" name="createContactWithOrg1Test" time="0.0">
    <ignored/>
  </testcase> <!-- createContactWithOrg1Test -->
  <testcase classname="contact.practice.CreateContact1Test" name="createContactWithSupportDate1Test" time="0.0">
    <ignored/>
  </testcase> <!-- createContactWithSupportDate1Test -->
</testsuite> <!-- Test -->
